<?xml version="1.0" encoding="UTF-8"?>
<testsuite xmlns:xsi="http://www.w3.org/2001/XMLSchema-instance" xsi:noNamespaceSchemaLocation="https://maven.apache.org/surefire/maven-surefire-plugin/xsd/surefire-test-report-3.0.xsd" version="3.0" name="online.qms198.springboot_stu.SpringbootStuApplicationTests" time="4.084" tests="1" errors="0" skipped="0" failures="0">
  <properties>
[...]
</properties>
  <testcase name="contextLoads" classname="online.qms198.springboot_stu.SpringbootStuApplicationTests" time="0.366">
    <system-out><![CDATA[19:57:36.886 [main] INFO org.springframework.test.context.support.AnnotationConfigContextLoaderUtils -- Could not detect default configuration classes for test class [online.qms198.springboot_stu.SpringbootStuApplicationTests]: SpringbootStuApplicationTests does not declare any static, non-private, non-final, nested classes annotated with @Configuration.
19:57:36.959 [main] INFO org.springframework.boot.test.context.SpringBootTestContextBootstrapper -- Found @SpringBootConfiguration online.qms198.springboot_stu.SpringbootStuApplication for test class online.qms198.springboot_stu.SpringbootStuApplicationTests

  .   ____          _            __ _ _
 /\\ / ___'_ __ _ _(_)_ __  __ _ \ \ \ \
( ( )\___ | '_ | '_| | '_ \/ _` | \ \ \ \
 \\/  ___)| |_)| | | | | || (_| |  ) ) ) )
  '  |____| .__|_| |_|_| |_\__, | / / / /
 =========|_|==============|___/=/_/_/_/

 :: Spring Boot ::                (v3.3.5)

2024-11-26T19:57:37.240+08:00  INFO 23012 --- [springboot_stu] [           main] o.q.s.SpringbootStuApplicationTests      : Starting SpringbootStuApplicationTests using Java 17.0.12 with PID 23012 (started by LQM in D:\IdeaProjects\TuiTui\server)
2024-11-26T19:57:37.241+08:00  INFO 23012 --- [springboot_stu] [           main] o.q.s.SpringbootStuApplicationTests      : No active profile set, falling back to 1 default profile: "default"
2024-11-26T19:57:37.740+08:00  INFO 23012 --- [springboot_stu] [           main] .s.d.r.c.RepositoryConfigurationDelegate : Bootstrapping Spring Data JPA repositories in DEFAULT mode.
2024-11-26T19:57:37.784+08:00  INFO 23012 --- [springboot_stu] [           main] .s.d.r.c.RepositoryConfigurationDelegate : Finished Spring Data repository scanning in 38 ms. Found 2 JPA repository interfaces.
2024-11-26T19:57:38.180+08:00  INFO 23012 --- [springboot_stu] [           main] o.hibernate.jpa.internal.util.LogHelper  : HHH000204: Processing PersistenceUnitInfo [name: default]
2024-11-26T19:57:38.257+08:00  INFO 23012 --- [springboot_stu] [           main] org.hibernate.Version                    : HHH000412: Hibernate ORM core version 6.5.3.Final
2024-11-26T19:57:38.297+08:00  INFO 23012 --- [springboot_stu] [           main] o.h.c.internal.RegionFactoryInitiator    : HHH000026: Second-level cache disabled
2024-11-26T19:57:38.595+08:00  INFO 23012 --- [springboot_stu] [           main] o.s.o.j.p.SpringPersistenceUnitInfo      : No LoadTimeWeaver setup: ignoring JPA class transformer
2024-11-26T19:57:38.622+08:00  INFO 23012 --- [springboot_stu] [           main] com.zaxxer.hikari.HikariDataSource       : HikariPool-1 - Starting...
2024-11-26T19:57:38.736+08:00  INFO 23012 --- [springboot_stu] [           main] com.zaxxer.hikari.pool.HikariPool        : HikariPool-1 - Added connection com.mysql.cj.jdbc.ConnectionImpl@2bdcfcf
2024-11-26T19:57:38.738+08:00  INFO 23012 --- [springboot_stu] [           main] com.zaxxer.hikari.HikariDataSource       : HikariPool-1 - Start completed.
2024-11-26T19:57:38.771+08:00  WARN 23012 --- [springboot_stu] [           main] org.hibernate.orm.deprecation            : HHH90000025: MySQLDialect does not need to be specified explicitly using 'hibernate.dialect' (remove the property setting and it will be selected by default)
2024-11-26T19:57:39.319+08:00  INFO 23012 --- [springboot_stu] [           main] o.h.e.t.j.p.i.JtaPlatformInitiator       : HHH000489: No JTA platform available (set 'hibernate.transaction.jta.platform' to enable JTA platform integration)
2024-11-26T19:57:39.348+08:00  INFO 23012 --- [springboot_stu] [           main] j.LocalContainerEntityManagerFactoryBean : Initialized JPA EntityManagerFactory for persistence unit 'default'
2024-11-26T19:57:39.770+08:00  WARN 23012 --- [springboot_stu] [           main] JpaBaseConfiguration$JpaWebConfiguration : spring.jpa.open-in-view is enabled by default. Therefore, database queries may be performed during view rendering. Explicitly configure spring.jpa.open-in-view to disable this warning
2024-11-26T19:57:39.799+08:00  INFO 23012 --- [springboot_stu] [           main] eAuthenticationProviderManagerConfigurer : Global AuthenticationManager configured with AuthenticationProvider bean with name jwtAuthenticationProvider
2024-11-26T19:57:39.800+08:00  WARN 23012 --- [springboot_stu] [           main] r$InitializeUserDetailsManagerConfigurer : Global AuthenticationManager configured with an AuthenticationProvider bean. UserDetailsService beans will not be used for username/password login. Consider removing the AuthenticationProvider bean. Alternatively, consider using the UserDetailsService in a manually instantiated DaoAuthenticationProvider.
2024-11-26T19:57:39.899+08:00  INFO 23012 --- [springboot_stu] [           main] o.s.b.a.w.s.WelcomePageHandlerMapping    : Adding welcome page: class path resource [static/index.html]
2024-11-26T19:57:40.479+08:00  INFO 23012 --- [springboot_stu] [           main] o.q.s.SpringbootStuApplicationTests      : Started SpringbootStuApplicationTests in 3.408 seconds (process running for 4.052)
]]></system-out>
  </testcase>
</testsuite>